<?xml version="1.0" encoding="UTF-8"?>
<testsuite name="softnerve.tech.assessment.BestTimeToSellStockTest" tests="1" skipped="0" failures="0" errors="0" timestamp="2022-09-12T18:45:06" hostname="AMOOs-MacBook-Pro.local" time="0.022">
  <properties/>
  <testcase name="maximumProfitFromListOfStockPrices()" classname="softnerve.tech.assessment.BestTimeToSellStockTest" time="0.022"/>
  <system-out><![CDATA[]]></system-out>
  <system-err><![CDATA[]]></system-err>
</testsuite>
